<?xml version="1.0" encoding="UTF-8"?>
<!-- Generated by org.testng.reporters.JUnitReportReporter -->
<testsuite skipped="0" hostname="LAPTOP-N9UP1OBF" name="TestRunner.crossbrowsertesting" tests="8" failures="0" timestamp="2023-04-16T11:27:21 IST" time="35.427" errors="0">
  <testcase name="pageurl" time="0.423" classname="TestRunner.crossbrowsertesting"/>
  <system-out/>
  <testcase name="pageurl" time="0.442" classname="TestRunner.crossbrowsertesting"/>
  <system-out/>
  <testcase name="login" time="4.143" classname="TestRunner.crossbrowsertesting"/>
  <system-out/>
  <testcase name="login" time="5.022" classname="TestRunner.crossbrowsertesting"/>
  <system-out/>
  <testcase name="Filter" time="6.621" classname="TestRunner.crossbrowsertesting"/>
  <system-out/>
  <testcase name="Filter" time="6.660" classname="TestRunner.crossbrowsertesting"/>
  <system-out/>
  <testcase name="checkout" time="6.100" classname="TestRunner.crossbrowsertesting"/>
  <system-out/>
  <testcase name="checkout" time="6.016" classname="TestRunner.crossbrowsertesting"/>
  <system-out/>
</testsuite> <!-- TestRunner.crossbrowsertesting -->
