<?xml version="1.0" encoding="UTF-8"?>
<!-- Generated by org.testng.reporters.JUnitReportReporter -->
<testsuite skipped="0" hostname="LAPTOP-N9UP1OBF" name="TestRunner.SeleniumTask" tests="8" failures="0" timestamp="2023-04-16T21:56:45 IST" time="37.387" errors="0">
  <testcase name="pageurl" time="1.044" classname="TestRunner.SeleniumTask"/>
  <system-out/>
  <testcase name="pageurl" time="0.541" classname="TestRunner.SeleniumTask"/>
  <system-out/>
  <testcase name="login" time="5.252" classname="TestRunner.SeleniumTask"/>
  <system-out/>
  <testcase name="login" time="4.667" classname="TestRunner.SeleniumTask"/>
  <system-out/>
  <testcase name="Filter" time="6.734" classname="TestRunner.SeleniumTask"/>
  <system-out/>
  <testcase name="Filter" time="6.746" classname="TestRunner.SeleniumTask"/>
  <system-out/>
  <testcase name="checkout" time="6.302" classname="TestRunner.SeleniumTask"/>
  <system-out/>
  <testcase name="checkout" time="6.101" classname="TestRunner.SeleniumTask"/>
  <system-out/>
</testsuite> <!-- TestRunner.SeleniumTask -->
